Traceback (most recent call last):
  File "<frozen importlib._bootstrap_external>", line 153, in _path_is_mode_type
  File "<frozen importlib._bootstrap_external>", line 147, in _path_stat
FileNotFoundError: [Errno 2] No such file or directory: '/lium/home/yyomie/miniconda3/envs/gnn_tts/lib/python3.10/site-packages/torch/_inductor/codegen/cuda/__init__.cpython-310-x86_64-linux-gnu.so'

During handling of the above exception, another exception occurred:

Traceback (most recent call last):
  File "/export/home/lium/yyomie/Acoustic_Linguistic_GNN/gnn_heto_model.py", line 165, in <module>
    main(args.input_folder, args.graph_file, int(args.epochs), float(args.lamb))
  File "/export/home/lium/yyomie/Acoustic_Linguistic_GNN/gnn_heto_model.py", line 146, in main
    model = train_with_topological_loss_cross_loss(
  File "/export/home/lium/yyomie/Acoustic_Linguistic_GNN/gnn_heto_model.py", line 87, in train_with_topological_loss_cross_loss
    optimizer = torch.optim.Adam(model.parameters(), lr=lr)
  File "/lium/home/yyomie/miniconda3/envs/gnn_tts/lib/python3.10/site-packages/torch/optim/adam.py", line 100, in __init__
    super().__init__(params, defaults)
  File "/lium/home/yyomie/miniconda3/envs/gnn_tts/lib/python3.10/site-packages/torch/optim/optimizer.py", line 369, in __init__
    self.add_param_group(cast(dict, param_group))
  File "/lium/home/yyomie/miniconda3/envs/gnn_tts/lib/python3.10/site-packages/torch/_compile.py", line 46, in inner
    import torch._dynamo
  File "/lium/home/yyomie/miniconda3/envs/gnn_tts/lib/python3.10/site-packages/torch/_dynamo/__init__.py", line 53, in <module>
    from .polyfills import loader as _  # usort: skip # noqa: F401
  File "/lium/home/yyomie/miniconda3/envs/gnn_tts/lib/python3.10/site-packages/torch/_dynamo/polyfills/loader.py", line 25, in <module>
    POLYFILLED_MODULES: tuple["ModuleType", ...] = tuple(
  File "/lium/home/yyomie/miniconda3/envs/gnn_tts/lib/python3.10/site-packages/torch/_dynamo/polyfills/loader.py", line 26, in <genexpr>
    importlib.import_module(f".{submodule}", package=polyfills.__name__)
  File "/lium/home/yyomie/miniconda3/envs/gnn_tts/lib/python3.10/importlib/__init__.py", line 126, in import_module
    return _bootstrap._gcd_import(name[level:], package, level)
  File "/lium/home/yyomie/miniconda3/envs/gnn_tts/lib/python3.10/site-packages/torch/_dynamo/polyfills/builtins.py", line 31, in <module>
    def all(iterable: Iterable[object], /) -> bool:
  File "/lium/home/yyomie/miniconda3/envs/gnn_tts/lib/python3.10/site-packages/torch/_dynamo/decorators.py", line 427, in wrapper
    rule_map: dict[Any, type[VariableTracker]] = get_torch_obj_rule_map()
  File "/lium/home/yyomie/miniconda3/envs/gnn_tts/lib/python3.10/site-packages/torch/_dynamo/trace_rules.py", line 2870, in get_torch_obj_rule_map
    obj = load_object(k)
  File "/lium/home/yyomie/miniconda3/envs/gnn_tts/lib/python3.10/site-packages/torch/_dynamo/trace_rules.py", line 2901, in load_object
    val = _load_obj_from_str(x[0])
  File "/lium/home/yyomie/miniconda3/envs/gnn_tts/lib/python3.10/site-packages/torch/_dynamo/trace_rules.py", line 2885, in _load_obj_from_str
    return getattr(importlib.import_module(module), obj_name)
  File "/lium/home/yyomie/miniconda3/envs/gnn_tts/lib/python3.10/importlib/__init__.py", line 126, in import_module
    return _bootstrap._gcd_import(name[level:], package, level)
  File "/lium/home/yyomie/miniconda3/envs/gnn_tts/lib/python3.10/site-packages/torch/_higher_order_ops/map.py", line 6, in <module>
    from torch._functorch.aot_autograd import AOTConfig, create_joint
  File "/lium/home/yyomie/miniconda3/envs/gnn_tts/lib/python3.10/site-packages/torch/_functorch/aot_autograd.py", line 38, in <module>
    from ._aot_autograd.autograd_cache import (  # noqa: F401
  File "/lium/home/yyomie/miniconda3/envs/gnn_tts/lib/python3.10/site-packages/torch/_functorch/_aot_autograd/autograd_cache.py", line 23, in <module>
    from torch._inductor.codecache import (
  File "/lium/home/yyomie/miniconda3/envs/gnn_tts/lib/python3.10/site-packages/torch/_inductor/codecache.py", line 51, in <module>
    from torch._inductor.codegen.cuda import cuda_env
  File "<frozen importlib._bootstrap>", line 1027, in _find_and_load
  File "<frozen importlib._bootstrap>", line 1002, in _find_and_load_unlocked
  File "<frozen importlib._bootstrap>", line 945, in _find_spec
  File "<frozen importlib._bootstrap_external>", line 1439, in find_spec
  File "<frozen importlib._bootstrap_external>", line 1411, in _get_spec
  File "<frozen importlib._bootstrap_external>", line 1563, in find_spec
  File "<frozen importlib._bootstrap_external>", line 161, in _path_isfile
  File "<frozen importlib._bootstrap_external>", line 153, in _path_is_mode_type
KeyboardInterrupt
2025-06-19 15:31:28,740 - INFO - Model saved to models/hetero_gnn_model.pth
Epoch 0, Loss: 4.207285404205322, Accuracy: 2.12%
2025-06-19 15:34:41,341 - INFO - Model saved to models/hetero_gnn_model.pth
Epoch 0, Loss: 4.211557388305664, Accuracy: 2.25%
2025-06-19 15:38:35,592 - INFO - Model saved to models/hetero_gnn_model.pth
Epoch 0, Loss: 4.1978983879089355, Accuracy: 4.62%
2025-06-19 15:41:58,034 - INFO - Model saved to models/hetero_gnn_model.pth
Epoch 0, Loss: 4.184577465057373, Accuracy: 4.75%
2025-06-19 15:45:19,242 - INFO - Model saved to models/hetero_gnn_model.pth
Epoch 0, Loss: 4.209525108337402, Accuracy: 4.50%
